ERROR - 2026-04-23 00:52:58 --> Error connecting to the database: mysqli_sql_exception: No connection could be made because the target machine actively refused it in C:\xampp\htdocs\praktikum-teknologi-web\pertemuan6\system\Database\MySQLi\Connection.php:201
Stack trace:
#0 C:\xampp\htdocs\praktikum-teknologi-web\pertemuan6\system\Database\MySQLi\Connection.php(201): mysqli->real_connect('localhost', 'root', Object(SensitiveParameterValue), 'world', 3306, '', 0)
#1 C:\xampp\htdocs\praktikum-teknologi-web\pertemuan6\system\Database\BaseConnection.php(555): CodeIgniter\Database\MySQLi\Connection->connect(false)
#2 C:\xampp\htdocs\praktikum-teknologi-web\pertemuan6\system\Database\BaseConnection.php(795): CodeIgniter\Database\BaseConnection->initialize()
#3 C:\xampp\htdocs\praktikum-teknologi-web\pertemuan6\system\Database\BaseBuilder.php(1649): CodeIgniter\Database\BaseConnection->query('SELECT *\nFROM `...', Array, false)
#4 C:\xampp\htdocs\praktikum-teknologi-web\pertemuan6\system\Model.php(253): CodeIgniter\Database\BaseBuilder->get()
#5 C:\xampp\htdocs\praktikum-teknologi-web\pertemuan6\system\BaseModel.php(676): CodeIgniter\Model->doFindAll(0, 0)
#6 C:\xampp\htdocs\praktikum-teknologi-web\pertemuan6\app\Controllers\City.php(12): CodeIgniter\BaseModel->findAll()
#7 C:\xampp\htdocs\praktikum-teknologi-web\pertemuan6\system\CodeIgniter.php(951): App\Controllers\City->index()
#8 C:\xampp\htdocs\praktikum-teknologi-web\pertemuan6\system\CodeIgniter.php(497): CodeIgniter\CodeIgniter->runController(Object(App\Controllers\City))
#9 C:\xampp\htdocs\praktikum-teknologi-web\pertemuan6\system\CodeIgniter.php(340): CodeIgniter\CodeIgniter->handleRequest(NULL, Object(Config\Cache), false)
#10 C:\xampp\htdocs\praktikum-teknologi-web\pertemuan6\system\Boot.php(417): CodeIgniter\CodeIgniter->run()
#11 C:\xampp\htdocs\praktikum-teknologi-web\pertemuan6\system\Boot.php(68): CodeIgniter\Boot::runCodeIgniter(Object(CodeIgniter\CodeIgniter))
#12 C:\xampp\htdocs\praktikum-teknologi-web\pertemuan6\public\index.php(59): CodeIgniter\Boot::bootWeb(Object(Config\Paths))
#13 C:\xampp\htdocs\praktikum-teknologi-web\pertemuan6\system\rewrite.php(44): require_once('C:\\xampp\\htdocs...')
#14 {main}

Next CodeIgniter\Database\Exceptions\DatabaseException: No connection could be made because the target machine actively refused it in C:\xampp\htdocs\praktikum-teknologi-web\pertemuan6\system\Database\MySQLi\Connection.php:231
Stack trace:
#0 C:\xampp\htdocs\praktikum-teknologi-web\pertemuan6\system\Database\BaseConnection.php(555): CodeIgniter\Database\MySQLi\Connection->connect(false)
#1 C:\xampp\htdocs\praktikum-teknologi-web\pertemuan6\system\Database\BaseConnection.php(795): CodeIgniter\Database\BaseConnection->initialize()
#2 C:\xampp\htdocs\praktikum-teknologi-web\pertemuan6\system\Database\BaseBuilder.php(1649): CodeIgniter\Database\BaseConnection->query('SELECT *\nFROM `...', Array, false)
#3 C:\xampp\htdocs\praktikum-teknologi-web\pertemuan6\system\Model.php(253): CodeIgniter\Database\BaseBuilder->get()
#4 C:\xampp\htdocs\praktikum-teknologi-web\pertemuan6\system\BaseModel.php(676): CodeIgniter\Model->doFindAll(0, 0)
#5 C:\xampp\htdocs\praktikum-teknologi-web\pertemuan6\app\Controllers\City.php(12): CodeIgniter\BaseModel->findAll()
#6 C:\xampp\htdocs\praktikum-teknologi-web\pertemuan6\system\CodeIgniter.php(951): App\Controllers\City->index()
#7 C:\xampp\htdocs\praktikum-teknologi-web\pertemuan6\system\CodeIgniter.php(497): CodeIgniter\CodeIgniter->runController(Object(App\Controllers\City))
#8 C:\xampp\htdocs\praktikum-teknologi-web\pertemuan6\system\CodeIgniter.php(340): CodeIgniter\CodeIgniter->handleRequest(NULL, Object(Config\Cache), false)
#9 C:\xampp\htdocs\praktikum-teknologi-web\pertemuan6\system\Boot.php(417): CodeIgniter\CodeIgniter->run()
#10 C:\xampp\htdocs\praktikum-teknologi-web\pertemuan6\system\Boot.php(68): CodeIgniter\Boot::runCodeIgniter(Object(CodeIgniter\CodeIgniter))
#11 C:\xampp\htdocs\praktikum-teknologi-web\pertemuan6\public\index.php(59): CodeIgniter\Boot::bootWeb(Object(Config\Paths))
#12 C:\xampp\htdocs\praktikum-teknologi-web\pertemuan6\system\rewrite.php(44): require_once('C:\\xampp\\htdocs...')
#13 {main}
CRITICAL - 2026-04-23 00:52:58 --> CodeIgniter\Database\Exceptions\DatabaseException: Unable to connect to the database.
Main connection [MySQLi]: No connection could be made because the target machine actively refused it
[Method: GET, Route: city]
in SYSTEMPATH\Database\BaseConnection.php on line 606.
 1 SYSTEMPATH\Database\BaseConnection.php(795): CodeIgniter\Database\BaseConnection->initialize()
 2 SYSTEMPATH\Database\BaseBuilder.php(1649): CodeIgniter\Database\BaseConnection->query('SELECT *
FROM `city`', [], false)
 3 SYSTEMPATH\Model.php(253): CodeIgniter\Database\BaseBuilder->get()
 4 SYSTEMPATH\BaseModel.php(676): CodeIgniter\Model->doFindAll(0, 0)
 5 APPPATH\Controllers\City.php(12): CodeIgniter\BaseModel->findAll()
 6 SYSTEMPATH\CodeIgniter.php(951): App\Controllers\City->index()
 7 SYSTEMPATH\CodeIgniter.php(497): CodeIgniter\CodeIgniter->runController(Object(App\Controllers\City))
 8 SYSTEMPATH\CodeIgniter.php(340): CodeIgniter\CodeIgniter->handleRequest(null, Object(Config\Cache), false)
 9 SYSTEMPATH\Boot.php(417): CodeIgniter\CodeIgniter->run()
10 SYSTEMPATH\Boot.php(68): CodeIgniter\Boot::runCodeIgniter(Object(CodeIgniter\CodeIgniter))
11 FCPATH\index.php(59): CodeIgniter\Boot::bootWeb(Object(Config\Paths))
12 SYSTEMPATH\rewrite.php(44): require_once('C:\\xampp\\htdocs\\praktikum-teknologi-web\\pertemuan6\\public\\index.php')
ERROR - 2026-04-23 00:54:09 --> Error connecting to the database: mysqli_sql_exception: Unknown database 'world' in C:\xampp\htdocs\praktikum-teknologi-web\pertemuan6\system\Database\MySQLi\Connection.php:201
Stack trace:
#0 C:\xampp\htdocs\praktikum-teknologi-web\pertemuan6\system\Database\MySQLi\Connection.php(201): mysqli->real_connect('localhost', 'root', Object(SensitiveParameterValue), 'world', 3306, '', 0)
#1 C:\xampp\htdocs\praktikum-teknologi-web\pertemuan6\system\Database\BaseConnection.php(555): CodeIgniter\Database\MySQLi\Connection->connect(false)
#2 C:\xampp\htdocs\praktikum-teknologi-web\pertemuan6\system\Database\BaseConnection.php(795): CodeIgniter\Database\BaseConnection->initialize()
#3 C:\xampp\htdocs\praktikum-teknologi-web\pertemuan6\system\Database\BaseBuilder.php(1649): CodeIgniter\Database\BaseConnection->query('SELECT *\nFROM `...', Array, false)
#4 C:\xampp\htdocs\praktikum-teknologi-web\pertemuan6\system\Model.php(253): CodeIgniter\Database\BaseBuilder->get()
#5 C:\xampp\htdocs\praktikum-teknologi-web\pertemuan6\system\BaseModel.php(676): CodeIgniter\Model->doFindAll(0, 0)
#6 C:\xampp\htdocs\praktikum-teknologi-web\pertemuan6\app\Controllers\City.php(12): CodeIgniter\BaseModel->findAll()
#7 C:\xampp\htdocs\praktikum-teknologi-web\pertemuan6\system\CodeIgniter.php(951): App\Controllers\City->index()
#8 C:\xampp\htdocs\praktikum-teknologi-web\pertemuan6\system\CodeIgniter.php(497): CodeIgniter\CodeIgniter->runController(Object(App\Controllers\City))
#9 C:\xampp\htdocs\praktikum-teknologi-web\pertemuan6\system\CodeIgniter.php(340): CodeIgniter\CodeIgniter->handleRequest(NULL, Object(Config\Cache), false)
#10 C:\xampp\htdocs\praktikum-teknologi-web\pertemuan6\system\Boot.php(417): CodeIgniter\CodeIgniter->run()
#11 C:\xampp\htdocs\praktikum-teknologi-web\pertemuan6\system\Boot.php(68): CodeIgniter\Boot::runCodeIgniter(Object(CodeIgniter\CodeIgniter))
#12 C:\xampp\htdocs\praktikum-teknologi-web\pertemuan6\public\index.php(59): CodeIgniter\Boot::bootWeb(Object(Config\Paths))
#13 C:\xampp\htdocs\praktikum-teknologi-web\pertemuan6\system\rewrite.php(44): require_once('C:\\xampp\\htdocs...')
#14 {main}

Next CodeIgniter\Database\Exceptions\DatabaseException: Unknown database 'world' in C:\xampp\htdocs\praktikum-teknologi-web\pertemuan6\system\Database\MySQLi\Connection.php:231
Stack trace:
#0 C:\xampp\htdocs\praktikum-teknologi-web\pertemuan6\system\Database\BaseConnection.php(555): CodeIgniter\Database\MySQLi\Connection->connect(false)
#1 C:\xampp\htdocs\praktikum-teknologi-web\pertemuan6\system\Database\BaseConnection.php(795): CodeIgniter\Database\BaseConnection->initialize()
#2 C:\xampp\htdocs\praktikum-teknologi-web\pertemuan6\system\Database\BaseBuilder.php(1649): CodeIgniter\Database\BaseConnection->query('SELECT *\nFROM `...', Array, false)
#3 C:\xampp\htdocs\praktikum-teknologi-web\pertemuan6\system\Model.php(253): CodeIgniter\Database\BaseBuilder->get()
#4 C:\xampp\htdocs\praktikum-teknologi-web\pertemuan6\system\BaseModel.php(676): CodeIgniter\Model->doFindAll(0, 0)
#5 C:\xampp\htdocs\praktikum-teknologi-web\pertemuan6\app\Controllers\City.php(12): CodeIgniter\BaseModel->findAll()
#6 C:\xampp\htdocs\praktikum-teknologi-web\pertemuan6\system\CodeIgniter.php(951): App\Controllers\City->index()
#7 C:\xampp\htdocs\praktikum-teknologi-web\pertemuan6\system\CodeIgniter.php(497): CodeIgniter\CodeIgniter->runController(Object(App\Controllers\City))
#8 C:\xampp\htdocs\praktikum-teknologi-web\pertemuan6\system\CodeIgniter.php(340): CodeIgniter\CodeIgniter->handleRequest(NULL, Object(Config\Cache), false)
#9 C:\xampp\htdocs\praktikum-teknologi-web\pertemuan6\system\Boot.php(417): CodeIgniter\CodeIgniter->run()
#10 C:\xampp\htdocs\praktikum-teknologi-web\pertemuan6\system\Boot.php(68): CodeIgniter\Boot::runCodeIgniter(Object(CodeIgniter\CodeIgniter))
#11 C:\xampp\htdocs\praktikum-teknologi-web\pertemuan6\public\index.php(59): CodeIgniter\Boot::bootWeb(Object(Config\Paths))
#12 C:\xampp\htdocs\praktikum-teknologi-web\pertemuan6\system\rewrite.php(44): require_once('C:\\xampp\\htdocs...')
#13 {main}
CRITICAL - 2026-04-23 00:54:09 --> CodeIgniter\Database\Exceptions\DatabaseException: Unable to connect to the database.
Main connection [MySQLi]: Unknown database 'world'
[Method: GET, Route: city]
in SYSTEMPATH\Database\BaseConnection.php on line 606.
 1 SYSTEMPATH\Database\BaseConnection.php(795): CodeIgniter\Database\BaseConnection->initialize()
 2 SYSTEMPATH\Database\BaseBuilder.php(1649): CodeIgniter\Database\BaseConnection->query('SELECT *
FROM `city`', [], false)
 3 SYSTEMPATH\Model.php(253): CodeIgniter\Database\BaseBuilder->get()
 4 SYSTEMPATH\BaseModel.php(676): CodeIgniter\Model->doFindAll(0, 0)
 5 APPPATH\Controllers\City.php(12): CodeIgniter\BaseModel->findAll()
 6 SYSTEMPATH\CodeIgniter.php(951): App\Controllers\City->index()
 7 SYSTEMPATH\CodeIgniter.php(497): CodeIgniter\CodeIgniter->runController(Object(App\Controllers\City))
 8 SYSTEMPATH\CodeIgniter.php(340): CodeIgniter\CodeIgniter->handleRequest(null, Object(Config\Cache), false)
 9 SYSTEMPATH\Boot.php(417): CodeIgniter\CodeIgniter->run()
10 SYSTEMPATH\Boot.php(68): CodeIgniter\Boot::runCodeIgniter(Object(CodeIgniter\CodeIgniter))
11 FCPATH\index.php(59): CodeIgniter\Boot::bootWeb(Object(Config\Paths))
12 SYSTEMPATH\rewrite.php(44): require_once('C:\\xampp\\htdocs\\praktikum-teknologi-web\\pertemuan6\\public\\index.php')
ERROR - 2026-04-23 00:54:14 --> Error connecting to the database: mysqli_sql_exception: Unknown database 'world' in C:\xampp\htdocs\praktikum-teknologi-web\pertemuan6\system\Database\MySQLi\Connection.php:201
Stack trace:
#0 C:\xampp\htdocs\praktikum-teknologi-web\pertemuan6\system\Database\MySQLi\Connection.php(201): mysqli->real_connect('localhost', 'root', Object(SensitiveParameterValue), 'world', 3306, '', 0)
#1 C:\xampp\htdocs\praktikum-teknologi-web\pertemuan6\system\Database\BaseConnection.php(555): CodeIgniter\Database\MySQLi\Connection->connect(false)
#2 C:\xampp\htdocs\praktikum-teknologi-web\pertemuan6\system\Database\BaseConnection.php(795): CodeIgniter\Database\BaseConnection->initialize()
#3 C:\xampp\htdocs\praktikum-teknologi-web\pertemuan6\system\Database\BaseBuilder.php(1649): CodeIgniter\Database\BaseConnection->query('SELECT *\nFROM `...', Array, false)
#4 C:\xampp\htdocs\praktikum-teknologi-web\pertemuan6\system\Model.php(253): CodeIgniter\Database\BaseBuilder->get()
#5 C:\xampp\htdocs\praktikum-teknologi-web\pertemuan6\system\BaseModel.php(676): CodeIgniter\Model->doFindAll(0, 0)
#6 C:\xampp\htdocs\praktikum-teknologi-web\pertemuan6\app\Controllers\Language.php(12): CodeIgniter\BaseModel->findAll()
#7 C:\xampp\htdocs\praktikum-teknologi-web\pertemuan6\system\CodeIgniter.php(951): App\Controllers\Language->index()
#8 C:\xampp\htdocs\praktikum-teknologi-web\pertemuan6\system\CodeIgniter.php(497): CodeIgniter\CodeIgniter->runController(Object(App\Controllers\Language))
#9 C:\xampp\htdocs\praktikum-teknologi-web\pertemuan6\system\CodeIgniter.php(340): CodeIgniter\CodeIgniter->handleRequest(NULL, Object(Config\Cache), false)
#10 C:\xampp\htdocs\praktikum-teknologi-web\pertemuan6\system\Boot.php(417): CodeIgniter\CodeIgniter->run()
#11 C:\xampp\htdocs\praktikum-teknologi-web\pertemuan6\system\Boot.php(68): CodeIgniter\Boot::runCodeIgniter(Object(CodeIgniter\CodeIgniter))
#12 C:\xampp\htdocs\praktikum-teknologi-web\pertemuan6\public\index.php(59): CodeIgniter\Boot::bootWeb(Object(Config\Paths))
#13 C:\xampp\htdocs\praktikum-teknologi-web\pertemuan6\system\rewrite.php(44): require_once('C:\\xampp\\htdocs...')
#14 {main}

Next CodeIgniter\Database\Exceptions\DatabaseException: Unknown database 'world' in C:\xampp\htdocs\praktikum-teknologi-web\pertemuan6\system\Database\MySQLi\Connection.php:231
Stack trace:
#0 C:\xampp\htdocs\praktikum-teknologi-web\pertemuan6\system\Database\BaseConnection.php(555): CodeIgniter\Database\MySQLi\Connection->connect(false)
#1 C:\xampp\htdocs\praktikum-teknologi-web\pertemuan6\system\Database\BaseConnection.php(795): CodeIgniter\Database\BaseConnection->initialize()
#2 C:\xampp\htdocs\praktikum-teknologi-web\pertemuan6\system\Database\BaseBuilder.php(1649): CodeIgniter\Database\BaseConnection->query('SELECT *\nFROM `...', Array, false)
#3 C:\xampp\htdocs\praktikum-teknologi-web\pertemuan6\system\Model.php(253): CodeIgniter\Database\BaseBuilder->get()
#4 C:\xampp\htdocs\praktikum-teknologi-web\pertemuan6\system\BaseModel.php(676): CodeIgniter\Model->doFindAll(0, 0)
#5 C:\xampp\htdocs\praktikum-teknologi-web\pertemuan6\app\Controllers\Language.php(12): CodeIgniter\BaseModel->findAll()
#6 C:\xampp\htdocs\praktikum-teknologi-web\pertemuan6\system\CodeIgniter.php(951): App\Controllers\Language->index()
#7 C:\xampp\htdocs\praktikum-teknologi-web\pertemuan6\system\CodeIgniter.php(497): CodeIgniter\CodeIgniter->runController(Object(App\Controllers\Language))
#8 C:\xampp\htdocs\praktikum-teknologi-web\pertemuan6\system\CodeIgniter.php(340): CodeIgniter\CodeIgniter->handleRequest(NULL, Object(Config\Cache), false)
#9 C:\xampp\htdocs\praktikum-teknologi-web\pertemuan6\system\Boot.php(417): CodeIgniter\CodeIgniter->run()
#10 C:\xampp\htdocs\praktikum-teknologi-web\pertemuan6\system\Boot.php(68): CodeIgniter\Boot::runCodeIgniter(Object(CodeIgniter\CodeIgniter))
#11 C:\xampp\htdocs\praktikum-teknologi-web\pertemuan6\public\index.php(59): CodeIgniter\Boot::bootWeb(Object(Config\Paths))
#12 C:\xampp\htdocs\praktikum-teknologi-web\pertemuan6\system\rewrite.php(44): require_once('C:\\xampp\\htdocs...')
#13 {main}
CRITICAL - 2026-04-23 00:54:14 --> CodeIgniter\Database\Exceptions\DatabaseException: Unable to connect to the database.
Main connection [MySQLi]: Unknown database 'world'
[Method: GET, Route: language]
in SYSTEMPATH\Database\BaseConnection.php on line 606.
 1 SYSTEMPATH\Database\BaseConnection.php(795): CodeIgniter\Database\BaseConnection->initialize()
 2 SYSTEMPATH\Database\BaseBuilder.php(1649): CodeIgniter\Database\BaseConnection->query('SELECT *
FROM `countrylanguage`', [], false)
 3 SYSTEMPATH\Model.php(253): CodeIgniter\Database\BaseBuilder->get()
 4 SYSTEMPATH\BaseModel.php(676): CodeIgniter\Model->doFindAll(0, 0)
 5 APPPATH\Controllers\Language.php(12): CodeIgniter\BaseModel->findAll()
 6 SYSTEMPATH\CodeIgniter.php(951): App\Controllers\Language->index()
 7 SYSTEMPATH\CodeIgniter.php(497): CodeIgniter\CodeIgniter->runController(Object(App\Controllers\Language))
 8 SYSTEMPATH\CodeIgniter.php(340): CodeIgniter\CodeIgniter->handleRequest(null, Object(Config\Cache), false)
 9 SYSTEMPATH\Boot.php(417): CodeIgniter\CodeIgniter->run()
10 SYSTEMPATH\Boot.php(68): CodeIgniter\Boot::runCodeIgniter(Object(CodeIgniter\CodeIgniter))
11 FCPATH\index.php(59): CodeIgniter\Boot::bootWeb(Object(Config\Paths))
12 SYSTEMPATH\rewrite.php(44): require_once('C:\\xampp\\htdocs\\praktikum-teknologi-web\\pertemuan6\\public\\index.php')
